<?xml version="1.0" encoding="UTF-8"?>
<!-- Generated by org.testng.reporters.JUnitXMLReporter -->
<testsuite ignored="8" hostname="Surfaxx" failures="1" tests="2" name="Default test(failed)(failed)" time="19.435" errors="0" timestamp="2023-01-22T00:17:09 IST">
  <testcase classname="tickertapeFW.stockDeals" name="box1Test" time="5.458">
    <failure type="org.openqa.selenium.TimeoutException" message="Expected condition failed: waiting for visibility of all elements located by By.xpath: //*[@cclass=&amp;quot;jsx-2809787372 jsx-3428714150 jsx-3801796067 relative filters filter-search shadow-onhover&amp;quot;] (tried for 5 second(s) with 500 milliseconds interval)
Build info: version: &amp;apos;4.7.2&amp;apos;, revision: &amp;apos;4d4020c3b7&amp;apos;
System info: os.name: &amp;apos;Windows 11&amp;apos;, os.arch: &amp;apos;amd64&amp;apos;, os.version: &amp;apos;10.0&amp;apos;, java.version: &amp;apos;17.0.4.1&amp;apos;
Driver info: org.openqa.selenium.chrome.ChromeDriver
Capabilities {acceptInsecureCerts: false, browserName: chrome, browserVersion: 109.0.5414.75, chrome: {chromedriverVersion: 109.0.5414.74 (e7c5703604da..., userDataDir: C:\Users\bhaye\AppData\Loca...}, goog:chromeOptions: {debuggerAddress: localhost:55800}, networkConnectionEnabled: false, pageLoadStrategy: normal, platformName: WINDOWS, proxy: Proxy(), se:cdp: ws://localhost:55800/devtoo..., se:cdpVersion: 109.0.5414.75, setWindowRect: true, strictFileInteractability: false, timeouts: {implicit: 0, pageLoad: 300000, script: 30000}, unhandledPromptBehavior: dismiss and notify, webauthn:extension:credBlob: true, webauthn:extension:largeBlob: true, webauthn:virtualAuthenticators: true}
Session ID: f57abbc15f1fea51d9a85b4038d7b744">
      <![CDATA[org.openqa.selenium.TimeoutException: Expected condition failed: waiting for visibility of all elements located by By.xpath: //*[@cclass="jsx-2809787372 jsx-3428714150 jsx-3801796067 relative filters filter-search shadow-onhover"] (tried for 5 second(s) with 500 milliseconds interval)
Build info: version: '4.7.2', revision: '4d4020c3b7'
System info: os.name: 'Windows 11', os.arch: 'amd64', os.version: '10.0', java.version: '17.0.4.1'
Driver info: org.openqa.selenium.chrome.ChromeDriver
Capabilities {acceptInsecureCerts: false, browserName: chrome, browserVersion: 109.0.5414.75, chrome: {chromedriverVersion: 109.0.5414.74 (e7c5703604da..., userDataDir: C:\Users\bhaye\AppData\Loca...}, goog:chromeOptions: {debuggerAddress: localhost:55800}, networkConnectionEnabled: false, pageLoadStrategy: normal, platformName: WINDOWS, proxy: Proxy(), se:cdp: ws://localhost:55800/devtoo..., se:cdpVersion: 109.0.5414.75, setWindowRect: true, strictFileInteractability: false, timeouts: {implicit: 0, pageLoad: 300000, script: 30000}, unhandledPromptBehavior: dismiss and notify, webauthn:extension:credBlob: true, webauthn:extension:largeBlob: true, webauthn:virtualAuthenticators: true}
Session ID: f57abbc15f1fea51d9a85b4038d7b744
at org.openqa.selenium.support.ui.WebDriverWait.timeoutException(WebDriverWait.java:87)
at org.openqa.selenium.support.ui.FluentWait.until(FluentWait.java:231)
at tickertapeFW.common.isDisplayed(common.java:26)
at tickertapeFW.stockDeals.box1Test(stockDeals.java:47)
at java.base/java.util.ArrayList.forEach(ArrayList.java:1511)
... Removed 27 stack frames]]>
    </failure>
  </testcase> <!-- box1Test -->
  <testcase classname="tickertapeFW.stockDeals" name="box3Test" time="0.705"/>
  <testcase classname="tickertapeFW.stockDeals" name="textTest" time="0.0">
    <ignored/>
  </testcase> <!-- textTest -->
  <testcase classname="tickertapeFW.stockDeals" name="logoIconTest" time="0.0">
    <ignored/>
  </testcase> <!-- logoIconTest -->
  <testcase classname="tickertapeFW.stockDeals" name="box6Test" time="0.0">
    <ignored/>
  </testcase> <!-- box6Test -->
  <testcase classname="tickertapeFW.stockDeals" name="box5Test" time="0.0">
    <ignored/>
  </testcase> <!-- box5Test -->
  <testcase classname="tickertapeFW.stockDeals" name="box2Test" time="0.0">
    <ignored/>
  </testcase> <!-- box2Test -->
  <testcase classname="tickertapeFW.stockDeals" name="urlTest" time="0.0">
    <ignored/>
  </testcase> <!-- urlTest -->
  <testcase classname="tickertapeFW.stockDeals" name="paraTest" time="0.0">
    <ignored/>
  </testcase> <!-- paraTest -->
  <testcase classname="tickertapeFW.stockDeals" name="box4Test" time="0.0">
    <ignored/>
  </testcase> <!-- box4Test -->
</testsuite> <!-- Default test(failed)(failed) -->
