<?xml version="1.0" encoding="UTF-8"?>
<testng-results ignored="0" total="1" passed="1" failed="0" skipped="0">
  <reporter-output>
  </reporter-output>
  <suite started-at="2023-01-19T19:26:04 IST" name="Default suite" finished-at="2023-01-19T19:26:12 IST" duration-ms="8955">
    <groups>
    </groups>
    <test started-at="2023-01-19T19:26:04 IST" name="Default test" finished-at="2023-01-19T19:26:12 IST" duration-ms="8955">
      <class name="tickertapeFW.aaaaaa">
        <test-method is-config="true" signature="setup()[pri:0, instance:tickertapeFW.aaaaaa@662b4c69]" started-at="2023-01-19T19:26:04 IST" name="setup" finished-at="2023-01-19T19:26:09 IST" duration-ms="5121" status="PASS">
          <reporter-output>
          </reporter-output>
        </test-method> <!-- setup -->
        <test-method signature="Verify_finance_tab()[pri:0, instance:tickertapeFW.aaaaaa@662b4c69]" started-at="2023-01-19T19:26:09 IST" name="Verify_finance_tab" finished-at="2023-01-19T19:26:12 IST" duration-ms="3782" status="PASS">
          <reporter-output>
          </reporter-output>
        </test-method> <!-- Verify_finance_tab -->
        <test-method is-config="true" signature="close()[pri:0, instance:tickertapeFW.aaaaaa@662b4c69]" started-at="2023-01-19T19:26:12 IST" name="close" finished-at="2023-01-19T19:26:12 IST" duration-ms="1" status="PASS">
          <reporter-output>
          </reporter-output>
        </test-method> <!-- close -->
      </class> <!-- tickertapeFW.aaaaaa -->
    </test> <!-- Default test -->
  </suite> <!-- Default suite -->
</testng-results>
