<?xml version="1.0" encoding="UTF-8"?>
<!-- Generated by org.testng.reporters.JUnitXMLReporter -->
<testsuite ignored="10" hostname="Surfaxx" failures="0" tests="1" name="Default test(failed)" time="5.47" errors="0" timestamp="2023-01-19T18:19:54 IST">
  <testcase classname="tickertapeFW.loginFunctionality" name="appleSigninTest" time="1.225"/>
  <testcase classname="tickertapeFW.loginFunctionality" name="googleSigninTest" time="0.0">
    <ignored/>
  </testcase> <!-- googleSigninTest -->
  <testcase classname="tickertapeFW.loginFunctionality" name="emptyInputTest" time="0.0">
    <ignored/>
  </testcase> <!-- emptyInputTest -->
  <testcase classname="tickertapeFW.loginFunctionality" name="emailSigninTest" time="0.0">
    <ignored/>
  </testcase> <!-- emailSigninTest -->
  <testcase classname="tickertapeFW.loginFunctionality" name="loginButtonTest" time="0.0">
    <ignored/>
  </testcase> <!-- loginButtonTest -->
  <testcase classname="tickertapeFW.loginFunctionality" name="loginHoverTest" time="0.0">
    <ignored/>
  </testcase> <!-- loginHoverTest -->
  <testcase classname="tickertapeFW.loginFunctionality" name="urlTest" time="0.0">
    <ignored/>
  </testcase> <!-- urlTest -->
  <testcase classname="tickertapeFW.loginFunctionality" name="validInputTest" time="0.0">
    <ignored/>
  </testcase> <!-- validInputTest -->
  <testcase classname="tickertapeFW.loginFunctionality" name="fbSigninTest" time="0.0">
    <ignored/>
  </testcase> <!-- fbSigninTest -->
  <testcase classname="tickertapeFW.loginFunctionality" name="signinTest" time="0.0">
    <ignored/>
  </testcase> <!-- signinTest -->
  <testcase classname="tickertapeFW.loginFunctionality" name="invalidInputTest" time="0.0">
    <ignored/>
  </testcase> <!-- invalidInputTest -->
</testsuite> <!-- Default test(failed) -->
