<?xml version="1.0" encoding="UTF-8"?>
<!-- Generated by org.testng.reporters.JUnitXMLReporter -->
<testsuite ignored="21" hostname="Surfaxx" failures="0" tests="2" name="Default test(failed)" time="26.256" errors="0" timestamp="2023-01-22T18:11:11 IST">
  <testcase classname="tickertapeFW.watchlist" name="fundamental_Test" time="8.458"/>
  <testcase classname="tickertapeFW.watchlist" name="time_period_1M_Test" time="7.575"/>
  <testcase classname="tickertapeFW.watchlist" name="search_text_Test" time="0.0">
    <ignored/>
  </testcase> <!-- search_text_Test -->
  <testcase classname="tickertapeFW.watchlist" name="search_button_Test" time="0.0">
    <ignored/>
  </testcase> <!-- search_button_Test -->
  <testcase classname="tickertapeFW.watchlist" name="time_period_1D_Test" time="0.0">
    <ignored/>
  </testcase> <!-- time_period_1D_Test -->
  <testcase classname="tickertapeFW.watchlist" name="time_period_3M_Test" time="0.0">
    <ignored/>
  </testcase> <!-- time_period_3M_Test -->
  <testcase classname="tickertapeFW.watchlist" name="search_stocks_button_Test" time="0.0">
    <ignored/>
  </testcase> <!-- search_stocks_button_Test -->
  <testcase classname="tickertapeFW.watchlist" name="group_by_Test" time="0.0">
    <ignored/>
  </testcase> <!-- group_by_Test -->
  <testcase classname="tickertapeFW.watchlist" name="performance_Test" time="0.0">
    <ignored/>
  </testcase> <!-- performance_Test -->
  <testcase classname="tickertapeFW.watchlist" name="group_by_sector_Test" time="0.0">
    <ignored/>
  </testcase> <!-- group_by_sector_Test -->
  <testcase classname="tickertapeFW.watchlist" name="Forecasts_test" time="0.0">
    <ignored/>
  </testcase> <!-- Forecasts_test -->
  <testcase classname="tickertapeFW.watchlist" name="time_period_1Y_Test" time="0.0">
    <ignored/>
  </testcase> <!-- time_period_1Y_Test -->
  <testcase classname="tickertapeFW.watchlist" name="Activity_test" time="0.0">
    <ignored/>
  </testcase> <!-- Activity_test -->
  <testcase classname="tickertapeFW.watchlist" name="watchlist_icon_logo_Test" time="0.0">
    <ignored/>
  </testcase> <!-- watchlist_icon_logo_Test -->
  <testcase classname="tickertapeFW.watchlist" name="login_button_Test" time="0.0">
    <ignored/>
  </testcase> <!-- login_button_Test -->
  <testcase classname="tickertapeFW.watchlist" name="url_Test" time="0.0">
    <ignored/>
  </testcase> <!-- url_Test -->
  <testcase classname="tickertapeFW.watchlist" name="watchlist_button_Test" time="0.0">
    <ignored/>
  </testcase> <!-- watchlist_button_Test -->
  <testcase classname="tickertapeFW.watchlist" name="edit_saved_watchlist_Test" time="0.0">
    <ignored/>
  </testcase> <!-- edit_saved_watchlist_Test -->
  <testcase classname="tickertapeFW.watchlist" name="time_period_6M_Test" time="0.0">
    <ignored/>
  </testcase> <!-- time_period_6M_Test -->
  <testcase classname="tickertapeFW.watchlist" name="Technical_test" time="0.0">
    <ignored/>
  </testcase> <!-- Technical_test -->
  <testcase classname="tickertapeFW.watchlist" name="loginHoverTest" time="0.0">
    <ignored/>
  </testcase> <!-- loginHoverTest -->
  <testcase classname="tickertapeFW.watchlist" name="equity_button_Test" time="0.0">
    <ignored/>
  </testcase> <!-- equity_button_Test -->
  <testcase classname="tickertapeFW.watchlist" name="relatedtext_tickers_Test" time="0.0">
    <ignored/>
  </testcase> <!-- relatedtext_tickers_Test -->
</testsuite> <!-- Default test(failed) -->
