<?xml version="1.0" encoding="UTF-8"?>
<!-- Generated by org.testng.reporters.JUnitXMLReporter -->
<testsuite ignored="7" hostname="Surfaxx" failures="1" tests="1" name="Default test(failed)" time="13.869" errors="0" timestamp="2023-01-21T23:07:17 IST">
  <testcase classname="tickertapeFW.mmi" name="mmiLogoTest" time="5.533">
    <failure type="org.openqa.selenium.TimeoutException" message="Expected condition failed: waiting for visibility of all elements located by By.xpath: //*[@src=&amp;quot;/images/svg/logos/mmi-by-tt-white.svg&amp;quot;] (tried for 5 second(s) with 500 milliseconds interval)
Build info: version: &amp;apos;4.7.2&amp;apos;, revision: &amp;apos;4d4020c3b7&amp;apos;
System info: os.name: &amp;apos;Windows 11&amp;apos;, os.arch: &amp;apos;amd64&amp;apos;, os.version: &amp;apos;10.0&amp;apos;, java.version: &amp;apos;17.0.4.1&amp;apos;
Driver info: org.openqa.selenium.chrome.ChromeDriver
Capabilities {acceptInsecureCerts: false, browserName: chrome, browserVersion: 109.0.5414.75, chrome: {chromedriverVersion: 109.0.5414.74 (e7c5703604da..., userDataDir: C:\Users\bhaye\AppData\Loca...}, goog:chromeOptions: {debuggerAddress: localhost:63940}, networkConnectionEnabled: false, pageLoadStrategy: normal, platformName: WINDOWS, proxy: Proxy(), se:cdp: ws://localhost:63940/devtoo..., se:cdpVersion: 109.0.5414.75, setWindowRect: true, strictFileInteractability: false, timeouts: {implicit: 0, pageLoad: 300000, script: 30000}, unhandledPromptBehavior: dismiss and notify, webauthn:extension:credBlob: true, webauthn:extension:largeBlob: true, webauthn:virtualAuthenticators: true}
Session ID: 1d29cb42cbc4e4c4836c390ef56f9ff9">
      <![CDATA[org.openqa.selenium.TimeoutException: Expected condition failed: waiting for visibility of all elements located by By.xpath: //*[@src="/images/svg/logos/mmi-by-tt-white.svg"] (tried for 5 second(s) with 500 milliseconds interval)
Build info: version: '4.7.2', revision: '4d4020c3b7'
System info: os.name: 'Windows 11', os.arch: 'amd64', os.version: '10.0', java.version: '17.0.4.1'
Driver info: org.openqa.selenium.chrome.ChromeDriver
Capabilities {acceptInsecureCerts: false, browserName: chrome, browserVersion: 109.0.5414.75, chrome: {chromedriverVersion: 109.0.5414.74 (e7c5703604da..., userDataDir: C:\Users\bhaye\AppData\Loca...}, goog:chromeOptions: {debuggerAddress: localhost:63940}, networkConnectionEnabled: false, pageLoadStrategy: normal, platformName: WINDOWS, proxy: Proxy(), se:cdp: ws://localhost:63940/devtoo..., se:cdpVersion: 109.0.5414.75, setWindowRect: true, strictFileInteractability: false, timeouts: {implicit: 0, pageLoad: 300000, script: 30000}, unhandledPromptBehavior: dismiss and notify, webauthn:extension:credBlob: true, webauthn:extension:largeBlob: true, webauthn:virtualAuthenticators: true}
Session ID: 1d29cb42cbc4e4c4836c390ef56f9ff9
at org.openqa.selenium.support.ui.WebDriverWait.timeoutException(WebDriverWait.java:87)
at org.openqa.selenium.support.ui.FluentWait.until(FluentWait.java:231)
at tickertapeFW.common.isDisplayed(common.java:26)
at tickertapeFW.mmi.mmiLogoTest(mmi.java:31)
at java.base/java.util.ArrayList.forEach(ArrayList.java:1511)
... Removed 27 stack frames]]>
    </failure>
  </testcase> <!-- mmiLogoTest -->
  <testcase classname="tickertapeFW.mmi" name="hover5Test" time="0.0">
    <ignored/>
  </testcase> <!-- hover5Test -->
  <testcase classname="tickertapeFW.mmi" name="hover2Test" time="0.0">
    <ignored/>
  </testcase> <!-- hover2Test -->
  <testcase classname="tickertapeFW.mmi" name="hover1Test" time="0.0">
    <ignored/>
  </testcase> <!-- hover1Test -->
  <testcase classname="tickertapeFW.mmi" name="urlTest" time="0.0">
    <ignored/>
  </testcase> <!-- urlTest -->
  <testcase classname="tickertapeFW.mmi" name="mmiTextTest" time="0.0">
    <ignored/>
  </testcase> <!-- mmiTextTest -->
  <testcase classname="tickertapeFW.mmi" name="hover3Test" time="0.0">
    <ignored/>
  </testcase> <!-- hover3Test -->
  <testcase classname="tickertapeFW.mmi" name="helpButtonTest" time="0.0">
    <ignored/>
  </testcase> <!-- helpButtonTest -->
</testsuite> <!-- Default test(failed) -->
