<?xml version="1.0" encoding="UTF-8"?>
<!-- Generated by org.testng.reporters.JUnitXMLReporter -->
<testsuite ignored="9" hostname="Surfaxx" failures="0" tests="1" name="Default test(failed)(failed)(failed)" time="6.848" errors="0" timestamp="2023-01-22T00:17:48 IST">
  <testcase classname="tickertapeFW.stockDeals" name="box1Test" time="0.202"/>
  <testcase classname="tickertapeFW.stockDeals" name="box3Test" time="0.0">
    <ignored/>
  </testcase> <!-- box3Test -->
  <testcase classname="tickertapeFW.stockDeals" name="textTest" time="0.0">
    <ignored/>
  </testcase> <!-- textTest -->
  <testcase classname="tickertapeFW.stockDeals" name="logoIconTest" time="0.0">
    <ignored/>
  </testcase> <!-- logoIconTest -->
  <testcase classname="tickertapeFW.stockDeals" name="box6Test" time="0.0">
    <ignored/>
  </testcase> <!-- box6Test -->
  <testcase classname="tickertapeFW.stockDeals" name="box5Test" time="0.0">
    <ignored/>
  </testcase> <!-- box5Test -->
  <testcase classname="tickertapeFW.stockDeals" name="box2Test" time="0.0">
    <ignored/>
  </testcase> <!-- box2Test -->
  <testcase classname="tickertapeFW.stockDeals" name="urlTest" time="0.0">
    <ignored/>
  </testcase> <!-- urlTest -->
  <testcase classname="tickertapeFW.stockDeals" name="paraTest" time="0.0">
    <ignored/>
  </testcase> <!-- paraTest -->
  <testcase classname="tickertapeFW.stockDeals" name="box4Test" time="0.0">
    <ignored/>
  </testcase> <!-- box4Test -->
</testsuite> <!-- Default test(failed)(failed)(failed) -->
